<?xml version="1.0" encoding="UTF-8"?>
<TestRun id="54c0f1df-8939-4907-bd76-f5cfd28f5c7d" name="Student@10266A-GEN-DEV 2022-06-30 02:20:15" runUser="10266A-GEN-DEV\Student" xmlns="http://microsoft.com/schemas/VisualStudio/TeamTest/2010">
  <TestSettings name="Local" id="947f455c-0ffd-4088-ab69-a8d0fd81f18c">
    <Description>These are default test settings for a local test run.</Description>
    <Deployment enabled="false" runDeploymentRoot="Student_10266A-GEN-DEV 2022-06-30 02_20_15">
      <DeploymentItem filename="E:\Labfiles\Lab 6\Ex3\Starter\StressTest\bin\Debug\StressTest.dll" />
    </Deployment>
    <Execution>
      <TestTypeSpecific />
      <AgentRule name="Execution Agents">
      </AgentRule>
    </Execution>
  </TestSettings>
  <Times creation="2022-06-30T02:20:15.8532109-07:00" queuing="2022-06-30T02:20:15.8756719-07:00" start="2022-06-30T02:20:15.8834844-07:00" finish="2022-06-30T02:20:16.0104375-07:00" />
  <ResultSummary outcome="Completed">
    <Counters total="5" executed="5" passed="5" error="0" failed="0" timeout="0" aborted="0" inconclusive="0" passedButRunAborted="0" notRunnable="0" notExecuted="0" disconnected="0" warning="0" completed="0" inProgress="0" pending="0" />
  </ResultSummary>
  <TestDefinitions>
    <UnitTest name="ToStringTest" storage="e:\labfiles\lab 6\ex3\starter\classes unit test project\bin\debug\unit tests for module 6.dll" id="31fb5f85-762e-6967-40f4-c52200bfb2ba">
      <Execution id="15e7865d-af4a-406d-b12a-39e785923e0b" />
      <TestMethod codeBase="E:/Labfiles/Lab 6/Ex3/Starter/Classes Unit Test Project/bin/Debug/Unit Tests for Module 6.DLL" adapterTypeName="Microsoft.VisualStudio.TestTools.TestTypes.Unit.UnitTestAdapter, Microsoft.VisualStudio.QualityTools.Tips.UnitTest.Adapter, Version=10.0.0.0, Culture=neutral, PublicKeyToken=b03f5f7f11d50a3a" className="Lab6UnitTests.StressTestCaseTest, Unit Tests for Module 6, Version=1.0.0.0, Culture=neutral, PublicKeyToken=null" name="ToStringTest" />
    </UnitTest>
    <UnitTest name="StressTestCaseConstructorTest" storage="e:\labfiles\lab 6\ex3\starter\classes unit test project\bin\debug\unit tests for module 6.dll" id="1f359600-5dde-4b23-acc3-108cfa5c5af8">
      <Execution id="402ef3f6-c089-40d0-a8a6-ae0fb9dfd8be" />
      <TestMethod codeBase="E:/Labfiles/Lab 6/Ex3/Starter/Classes Unit Test Project/bin/Debug/Unit Tests for Module 6.DLL" adapterTypeName="Microsoft.VisualStudio.TestTools.TestTypes.Unit.UnitTestAdapter, Microsoft.VisualStudio.QualityTools.Tips.UnitTest.Adapter, Version=10.0.0.0, Culture=neutral, PublicKeyToken=b03f5f7f11d50a3a" className="Lab6UnitTests.StressTestCaseTest, Unit Tests for Module 6, Version=1.0.0.0, Culture=neutral, PublicKeyToken=null" name="StressTestCaseConstructorTest" />
    </UnitTest>
    <UnitTest name="StressTestCaseConstructorTest1" storage="e:\labfiles\lab 6\ex3\starter\classes unit test project\bin\debug\unit tests for module 6.dll" id="6793f6b4-affe-54ca-81da-544f41857e8c">
      <Execution id="d2649b34-c0c6-44c9-b27b-d8bcc55e7908" />
      <TestMethod codeBase="E:/Labfiles/Lab 6/Ex3/Starter/Classes Unit Test Project/bin/Debug/Unit Tests for Module 6.DLL" adapterTypeName="Microsoft.VisualStudio.TestTools.TestTypes.Unit.UnitTestAdapter, Microsoft.VisualStudio.QualityTools.Tips.UnitTest.Adapter, Version=10.0.0.0, Culture=neutral, PublicKeyToken=b03f5f7f11d50a3a" className="Lab6UnitTests.StressTestCaseTest, Unit Tests for Module 6, Version=1.0.0.0, Culture=neutral, PublicKeyToken=null" name="StressTestCaseConstructorTest1" />
    </UnitTest>
    <UnitTest name="GetStressTestResultTest" storage="e:\labfiles\lab 6\ex3\starter\classes unit test project\bin\debug\unit tests for module 6.dll" id="c11e7c1d-309d-7cbc-9c73-7685ecb0262b">
      <Execution id="a7f14ef4-a464-4a5b-a04b-3718e3ffdc39" />
      <TestMethod codeBase="E:/Labfiles/Lab 6/Ex3/Starter/Classes Unit Test Project/bin/Debug/Unit Tests for Module 6.DLL" adapterTypeName="Microsoft.VisualStudio.TestTools.TestTypes.Unit.UnitTestAdapter, Microsoft.VisualStudio.QualityTools.Tips.UnitTest.Adapter, Version=10.0.0.0, Culture=neutral, PublicKeyToken=b03f5f7f11d50a3a" className="Lab6UnitTests.StressTestCaseTest, Unit Tests for Module 6, Version=1.0.0.0, Culture=neutral, PublicKeyToken=null" name="GetStressTestResultTest" />
    </UnitTest>
    <UnitTest name="PerformStressTestTest" storage="e:\labfiles\lab 6\ex3\starter\classes unit test project\bin\debug\unit tests for module 6.dll" id="59439859-1717-0e5d-97d8-5e039d880f03">
      <Execution id="a82717ca-b7de-4708-a14f-b7673e247de8" />
      <TestMethod codeBase="E:/Labfiles/Lab 6/Ex3/Starter/Classes Unit Test Project/bin/Debug/Unit Tests for Module 6.DLL" adapterTypeName="Microsoft.VisualStudio.TestTools.TestTypes.Unit.UnitTestAdapter, Microsoft.VisualStudio.QualityTools.Tips.UnitTest.Adapter, Version=10.0.0.0, Culture=neutral, PublicKeyToken=b03f5f7f11d50a3a" className="Lab6UnitTests.StressTestCaseTest, Unit Tests for Module 6, Version=1.0.0.0, Culture=neutral, PublicKeyToken=null" name="PerformStressTestTest" />
    </UnitTest>
  </TestDefinitions>
  <TestLists>
    <TestList name="Results Not in a List" id="8c84fa94-04c1-424b-9868-57a2d4851a1d" />
    <TestList name="All Loaded Results" id="19431567-8539-422a-85d7-44ee4e166bda" />
  </TestLists>
  <TestEntries>
    <TestEntry testId="1f359600-5dde-4b23-acc3-108cfa5c5af8" executionId="402ef3f6-c089-40d0-a8a6-ae0fb9dfd8be" testListId="8c84fa94-04c1-424b-9868-57a2d4851a1d" />
    <TestEntry testId="31fb5f85-762e-6967-40f4-c52200bfb2ba" executionId="15e7865d-af4a-406d-b12a-39e785923e0b" testListId="8c84fa94-04c1-424b-9868-57a2d4851a1d" />
    <TestEntry testId="59439859-1717-0e5d-97d8-5e039d880f03" executionId="a82717ca-b7de-4708-a14f-b7673e247de8" testListId="8c84fa94-04c1-424b-9868-57a2d4851a1d" />
    <TestEntry testId="6793f6b4-affe-54ca-81da-544f41857e8c" executionId="d2649b34-c0c6-44c9-b27b-d8bcc55e7908" testListId="8c84fa94-04c1-424b-9868-57a2d4851a1d" />
    <TestEntry testId="c11e7c1d-309d-7cbc-9c73-7685ecb0262b" executionId="a7f14ef4-a464-4a5b-a04b-3718e3ffdc39" testListId="8c84fa94-04c1-424b-9868-57a2d4851a1d" />
  </TestEntries>
  <Results>
    <UnitTestResult executionId="402ef3f6-c089-40d0-a8a6-ae0fb9dfd8be" testId="1f359600-5dde-4b23-acc3-108cfa5c5af8" testName="StressTestCaseConstructorTest" computerName="10266A-GEN-DEV" duration="00:00:00.0091374" startTime="2022-06-30T02:20:15.8922734-07:00" endTime="2022-06-30T02:20:15.9772344-07:00" testType="13cdc9d9-ddb5-4fa4-a97d-d965ccfc6d4b" outcome="Passed" testListId="8c84fa94-04c1-424b-9868-57a2d4851a1d" relativeResultsDirectory="402ef3f6-c089-40d0-a8a6-ae0fb9dfd8be">
    </UnitTestResult>
    <UnitTestResult executionId="15e7865d-af4a-406d-b12a-39e785923e0b" testId="31fb5f85-762e-6967-40f4-c52200bfb2ba" testName="ToStringTest" computerName="10266A-GEN-DEV" duration="00:00:00.0003065" startTime="2022-06-30T02:20:15.9918828-07:00" endTime="2022-06-30T02:20:15.9938359-07:00" testType="13cdc9d9-ddb5-4fa4-a97d-d965ccfc6d4b" outcome="Passed" testListId="8c84fa94-04c1-424b-9868-57a2d4851a1d" relativeResultsDirectory="15e7865d-af4a-406d-b12a-39e785923e0b">
    </UnitTestResult>
    <UnitTestResult executionId="a82717ca-b7de-4708-a14f-b7673e247de8" testId="59439859-1717-0e5d-97d8-5e039d880f03" testName="PerformStressTestTest" computerName="10266A-GEN-DEV" duration="00:00:00.0003935" startTime="2022-06-30T02:20:15.9938359-07:00" endTime="2022-06-30T02:20:15.9967656-07:00" testType="13cdc9d9-ddb5-4fa4-a97d-d965ccfc6d4b" outcome="Passed" testListId="8c84fa94-04c1-424b-9868-57a2d4851a1d" relativeResultsDirectory="a82717ca-b7de-4708-a14f-b7673e247de8">
    </UnitTestResult>
    <UnitTestResult executionId="d2649b34-c0c6-44c9-b27b-d8bcc55e7908" testId="6793f6b4-affe-54ca-81da-544f41857e8c" testName="StressTestCaseConstructorTest1" computerName="10266A-GEN-DEV" duration="00:00:00.0001456" startTime="2022-06-30T02:20:15.9977422-07:00" endTime="2022-06-30T02:20:16.0006719-07:00" testType="13cdc9d9-ddb5-4fa4-a97d-d965ccfc6d4b" outcome="Passed" testListId="8c84fa94-04c1-424b-9868-57a2d4851a1d" relativeResultsDirectory="d2649b34-c0c6-44c9-b27b-d8bcc55e7908">
    </UnitTestResult>
    <UnitTestResult executionId="a7f14ef4-a464-4a5b-a04b-3718e3ffdc39" testId="c11e7c1d-309d-7cbc-9c73-7685ecb0262b" testName="GetStressTestResultTest" computerName="10266A-GEN-DEV" duration="00:00:00.0000903" startTime="2022-06-30T02:20:16.0006719-07:00" endTime="2022-06-30T02:20:16.0026250-07:00" testType="13cdc9d9-ddb5-4fa4-a97d-d965ccfc6d4b" outcome="Passed" testListId="8c84fa94-04c1-424b-9868-57a2d4851a1d" relativeResultsDirectory="a7f14ef4-a464-4a5b-a04b-3718e3ffdc39">
    </UnitTestResult>
  </Results>
</TestRun>